tangem-demo/build/intermediates/manifest_merge_blame_file/release/manifest-merger-blame-release-report.txt
1<?xml version="1.0" encoding="utf-8"?>
2<manifest xmlns:android="http://schemas.android.com/apk/res/android"
3    package="com.tangem.tangem_demo"
4    android:versionCode="1"
5    android:versionName="1.0" >
6
7    <uses-sdk
8        android:minSdkVersion="21"
8-->src/main/AndroidManifest.xml
9        android:targetSdkVersion="29" />
9-->src/main/AndroidManifest.xml
10
11    <uses-permission android:name="android.permission.INTERNET" />
11-->src/main/AndroidManifest.xml:4:5-67
11-->src/main/AndroidManifest.xml:4:22-64
12    <uses-permission android:name="android.permission.NFC" />
12-->[:tangem-sdk] AndroidManifest.xml:11:5-62
12-->[:tangem-sdk] AndroidManifest.xml:11:22-59
13    <uses-permission android:name="android.permission.VIBRATE" />
13-->[:tangem-sdk] AndroidManifest.xml:12:5-66
13-->[:tangem-sdk] AndroidManifest.xml:12:22-63
14
15    <application
15-->src/main/AndroidManifest.xml:6:5-21:19
16        android:allowBackup="true"
16-->src/main/AndroidManifest.xml:7:9-35
17        android:appComponentFactory="androidx.core.app.CoreComponentFactory"
17-->[androidx.core:core:1.3.2] AndroidManifest.xml:24:18-86
18        android:icon="@mipmap/ic_launcher"
18-->src/main/AndroidManifest.xml:8:9-43
19        android:label="@string/app_name"
19-->src/main/AndroidManifest.xml:9:9-41
20        android:roundIcon="@mipmap/ic_launcher_round"
20-->src/main/AndroidManifest.xml:10:9-54
21        android:supportsRtl="true"
21-->src/main/AndroidManifest.xml:11:9-35
22        android:theme="@style/AppTheme" >
22-->src/main/AndroidManifest.xml:12:9-40
23        <activity
23-->src/main/AndroidManifest.xml:13:9-20:20
24            android:name="com.tangem.tangem_demo.DemoActivity"
24-->src/main/AndroidManifest.xml:13:19-47
25            android:screenOrientation="portrait" >
25-->src/main/AndroidManifest.xml:14:13-49
26            <intent-filter>
26-->src/main/AndroidManifest.xml:15:13-19:29
27                <action android:name="android.intent.action.MAIN" />
27-->src/main/AndroidManifest.xml:16:17-69
27-->src/main/AndroidManifest.xml:16:25-66
28
29                <category android:name="android.intent.category.LAUNCHER" />
29-->src/main/AndroidManifest.xml:18:17-77
29-->src/main/AndroidManifest.xml:18:27-74
30            </intent-filter>
31        </activity>
32
33        <provider
33-->[androidx.lifecycle:lifecycle-process:2.2.0] AndroidManifest.xml:25:9-29:43
34            android:name="androidx.lifecycle.ProcessLifecycleOwnerInitializer"
34-->[androidx.lifecycle:lifecycle-process:2.2.0] AndroidManifest.xml:26:13-79
35            android:authorities="com.tangem.tangem_demo.lifecycle-process"
35-->[androidx.lifecycle:lifecycle-process:2.2.0] AndroidManifest.xml:27:13-69
36            android:exported="false"
36-->[androidx.lifecycle:lifecycle-process:2.2.0] AndroidManifest.xml:28:13-37
37            android:multiprocess="true" />
37-->[androidx.lifecycle:lifecycle-process:2.2.0] AndroidManifest.xml:29:13-40
38    </application>
39
40</manifest>